34274 preliminary windows found in contig Sm_000031F.
68946 preliminary windows found in contig Sm_000023F.
175854 preliminary windows found in contig Sm_000044F.
292065 preliminary windows found in contig Sm_000040F.
89342 preliminary windows found in contig Sm_000051F.
189557 preliminary windows found in contig Sm_000042F.
272961 preliminary windows found in contig Sm_000039F.
403797 preliminary windows found in contig Sm_000030F.
227991 preliminary windows found in contig Sm_000060F.
109504 preliminary windows found in contig Sm_000041F.
282244 preliminary windows found in contig Sm_000037F.
126129 preliminary windows found in contig Sm_000063F.
118798 preliminary windows found in contig Sm_000064F.
125574 preliminary windows found in contig Sm_000065F.
265461 preliminary windows found in contig Sm_000034F.
141925 preliminary windows found in contig Sm_000047F.
151001 preliminary windows found in contig Sm_000053F.
123030 preliminary windows found in contig Sm_000068F.
142129 preliminary windows found in contig Sm_000054F.
121406 preliminary windows found in contig Sm_000052F.
130750 preliminary windows found in contig Sm_000087F.
145662 preliminary windows found in contig Sm_000036F.
123569 preliminary windows found in contig Sm_000091F.
225911 preliminary windows found in contig Sm_000033F.
86713 preliminary windows found in contig Sm_000080F.
108362 preliminary windows found in contig Sm_000100F.
166268 preliminary windows found in contig Sm_000038F.
109233 preliminary windows found in contig Sm_000102F.
84135 preliminary windows found in contig Sm_000092F.
73842 preliminary windows found in contig Sm_000135F.
92356 preliminary windows found in contig Sm_000141F.
61141 preliminary windows found in contig Sm_000061F.
85183 preliminary windows found in contig Sm_000096F.
60808 preliminary windows found in contig Sm_000145F.
39513 preliminary windows found in contig Sm_000148F.
36827 preliminary windows found in contig Sm_000152F.
58106 preliminary windows found in contig Sm_000164F.
78643 preliminary windows found in contig Sm_000116F.
30620 preliminary windows found in contig Sm_000188F.
565 preliminary windows found in contig Sm_000352F.
168 preliminary windows found in contig Sm_000362F.
71 preliminary windows found in contig Sm_000363F.
24858 preliminary windows found in contig Sm_000181F.
38874 preliminary windows found in contig Sm_mitochondrion.
33038 preliminary windows found in contig Sm_000166F.
120379 preliminary windows found in contig Sm_plastid.
63985 preliminary windows found in contig Sm_000099F.
56754 preliminary windows found in contig Sm_000115F.
26954 preliminary windows found in contig Sm_000146F.
58268 preliminary windows found in contig Sm_000108F.
43951 preliminary windows found in contig Sm_000111F.
87692 preliminary windows found in contig Sm_000067F.
224264 preliminary windows found in contig Sm_000028F.
31886 preliminary windows found in contig Sm_000078F.
59290 preliminary windows found in contig Sm_000070F.
221389 preliminary windows found in contig Sm_000029F.
138012 preliminary windows found in contig Sm_000032F.
252995 preliminary windows found in contig Sm_000027F.
208934 preliminary windows found in contig Sm_000024F.
355725 preliminary windows found in contig Sm_000022F.
185582 preliminary windows found in contig Sm_000025F.
199196 preliminary windows found in contig Sm_000021F.
267931 preliminary windows found in contig Sm_000020F.
302216 preliminary windows found in contig Sm_000019F.
341689 preliminary windows found in contig Sm_000016F.
581119 preliminary windows found in contig Sm_000010F.
208283 preliminary windows found in contig Sm_000018F.
276692 preliminary windows found in contig Sm_000017F.
272241 preliminary windows found in contig Sm_000015F.
353845 preliminary windows found in contig Sm_000013F.
397833 preliminary windows found in contig Sm_000011F.
337978 preliminary windows found in contig Sm_000014F.
431855 preliminary windows found in contig Sm_000012F.
459509 preliminary windows found in contig Sm_000008F.
318589 preliminary windows found in contig Sm_000009F.
344125 preliminary windows found in contig Sm_000007F.
473266 preliminary windows found in contig Sm_000006F.
388488 preliminary windows found in contig Sm_000005F.
417497 preliminary windows found in contig Sm_000003F.
367848 preliminary windows found in contig Sm_000004F.
445542 preliminary windows found in contig Sm_000002F.
502563 preliminary windows found in contig Sm_000001F.
943630 preliminary windows found in contig Sm_000000F.
1 good coverage windows found in contig Sm_000023F.
7 good coverage windows found in contig Sm_000031F.
180 good coverage windows found in contig Sm_000036F.
254 good coverage windows found in contig Sm_000038F.
218 good coverage windows found in contig Sm_000025F.
214 good coverage windows found in contig Sm_000033F.
1 good coverage windows found in contig Sm_000051F.
61 good coverage windows found in contig Sm_000041F.
1 good coverage windows found in contig Sm_000042F.
103 good coverage windows found in contig Sm_000034F.
365 good coverage windows found in contig Sm_000028F.
6 good coverage windows found in contig Sm_000047F.
5 good coverage windows found in contig Sm_000037F.
1 good coverage windows found in contig Sm_000040F.
253 good coverage windows found in contig Sm_000027F.
1 good coverage windows found in contig Sm_000039F.
1 good coverage windows found in contig Sm_000044F.
18 good coverage windows found in contig Sm_000032F.
1 good coverage windows found in contig Sm_000060F.
24 good coverage windows found in contig Sm_000061F.
256 good coverage windows found in contig Sm_000024F.
1 good coverage windows found in contig Sm_000052F.
176 good coverage windows found in contig Sm_000078F.
188 good coverage windows found in contig Sm_000020F.
4 good coverage windows found in contig Sm_000054F.
1 good coverage windows found in contig Sm_000065F.
157 good coverage windows found in contig Sm_000021F.
58 good coverage windows found in contig Sm_000070F.
288 good coverage windows found in contig Sm_000029F.
1 good coverage windows found in contig Sm_000053F.
1 good coverage windows found in contig Sm_000067F.
1 good coverage windows found in contig Sm_000063F.
5 good coverage windows found in contig Sm_000080F.
126 good coverage windows found in contig Sm_000018F.
1 good coverage windows found in contig Sm_000087F.
1 good coverage windows found in contig Sm_000091F.
8 good coverage windows found in contig Sm_000099F.
15 good coverage windows found in contig Sm_000092F.
1 good coverage windows found in contig Sm_000068F.
1 good coverage windows found in contig Sm_000096F.
1 good coverage windows found in contig Sm_000108F.
1 good coverage windows found in contig Sm_000102F.
1 good coverage windows found in contig Sm_000100F.
111 good coverage windows found in contig Sm_000111F.
1 good coverage windows found in contig Sm_000064F.
7 good coverage windows found in contig Sm_000115F.
1 good coverage windows found in contig Sm_000116F.
1 good coverage windows found in contig Sm_000135F.
1 good coverage windows found in contig Sm_000141F.
1 good coverage windows found in contig Sm_000145F.
1 good coverage windows found in contig Sm_000146F.
1 good coverage windows found in contig Sm_000022F.
1 good coverage windows found in contig Sm_000148F.
1 good coverage windows found in contig Sm_000152F.
1 good coverage windows found in contig Sm_000164F.
1 good coverage windows found in contig Sm_000166F.
1 good coverage windows found in contig Sm_000181F.
1 good coverage windows found in contig Sm_000188F.
124 good coverage windows found in contig Sm_000015F.
1 good coverage windows found in contig Sm_000352F.
5 good coverage windows found in contig Sm_000362F.
1 good coverage windows found in contig Sm_000363F.
204 good coverage windows found in contig Sm_000019F.
100 good coverage windows found in contig Sm_plastid.
64 good coverage windows found in contig Sm_mitochondrion.
235 good coverage windows found in contig Sm_000016F.
1 good coverage windows found in contig Sm_000030F.
282 good coverage windows found in contig Sm_000012F.
264 good coverage windows found in contig Sm_000017F.
365 good coverage windows found in contig Sm_000014F.
162 good coverage windows found in contig Sm_000013F.
272 good coverage windows found in contig Sm_000007F.
356 good coverage windows found in contig Sm_000011F.
487 good coverage windows found in contig Sm_000008F.
1138 good coverage windows found in contig Sm_000005F.
359 good coverage windows found in contig Sm_000009F.
39 good coverage windows found in contig Sm_000010F.
327 good coverage windows found in contig Sm_000002F.
495 good coverage windows found in contig Sm_000006F.
700 good coverage windows found in contig Sm_000004F.
487 good coverage windows found in contig Sm_000003F.
1058 good coverage windows found in contig Sm_000001F.
2022 good coverage windows found in contig Sm_000000F.
